Using device: cuda
词汇表tokenizer.vocab_size的大小为：50259
torch.Size([1, 1, 50259])
torch.Size([1, 2, 50259])
torch.Size([1, 3, 50259])
torch.Size([1, 4, 50259])
torch.Size([1, 5, 50259])
torch.Size([1, 6, 50259])
torch.Size([1, 7, 50259])
torch.Size([1, 8, 50259])
torch.Size([1, 9, 50259])
torch.Size([1, 10, 50259])
torch.Size([1, 11, 50259])
torch.Size([1, 12, 50259])
torch.Size([1, 13, 50259])
torch.Size([1, 14, 50259])
torch.Size([1, 15, 50259])
torch.Size([1, 16, 50259])
torch.Size([1, 17, 50259])
torch.Size([1, 18, 50259])
torch.Size([1, 19, 50259])
预测结果: <start> 04 encompht oppress journalistsjustmob pear577rupmodeloct Satellite Hackis founded shoppingaque MD
