Using device: cuda
词汇表tokenizer.vocab_size的大小为：50259
tensor([[[-0.9920, -2.8177, -3.3315,  ..., -4.1803, -4.1383,  0.8519]]],
       device='cuda:0')
tensor([[[-1.4593, -4.9498, -4.6978,  ..., -4.9223, -3.9026,  1.7864],
         [-1.5543, -6.5155, -5.4143,  ..., -6.4371, -5.5808, -0.2316]]],
       device='cuda:0')
tensor([[[-1.4220e+00, -5.0234e+00, -4.9201e+00,  ..., -4.7025e+00,
          -3.8733e+00,  1.2681e+00],
         [-1.6109e+00, -6.4417e+00, -5.7539e+00,  ..., -6.6773e+00,
          -5.7012e+00, -2.3456e-01],
         [-1.5620e+00, -6.5414e+00, -5.9564e+00,  ..., -6.7215e+00,
          -5.9861e+00, -2.4768e-03]]], device='cuda:0')
tensor([[[-1.4787e+00, -4.9011e+00, -4.8514e+00,  ..., -4.5762e+00,
          -3.6954e+00,  1.1080e+00],
         [-1.6659e+00, -6.2648e+00, -5.5490e+00,  ..., -6.4109e+00,
          -5.3490e+00, -4.9296e-01],
         [-1.4530e+00, -5.9439e+00, -5.3910e+00,  ..., -6.1572e+00,
          -5.2207e+00, -5.1199e-03],
         [-1.4951e+00, -5.8816e+00, -5.3702e+00,  ..., -5.9425e+00,
          -5.2034e+00,  3.5253e-01]]], device='cuda:0')
tensor([[[-1.4600, -4.8162, -4.7827,  ..., -4.5132, -3.5271,  1.0819],
         [-1.6451, -6.1393, -5.3587,  ..., -6.2576, -5.0859, -0.6102],
         [-1.4073, -5.5743, -4.8854,  ..., -5.7390, -4.5877, -0.1766],
         [-1.6092, -5.6285, -4.8037,  ..., -5.6124, -4.5888,  0.2641],
         [-1.6591, -5.4480, -4.5773,  ..., -5.3499, -4.3703,  0.7129]]],
       device='cuda:0')
tensor([[[-1.3928, -4.7079, -4.6949,  ..., -4.4335, -3.3361,  0.9879],
         [-1.5525, -6.0862, -5.3050,  ..., -6.2194, -4.9806, -0.6331],
         [-1.3788, -5.4598, -4.7235,  ..., -5.6408, -4.3614, -0.1571],
         [-1.5890, -5.4874, -4.5106,  ..., -5.4745, -4.2247,  0.1017],
         [-1.8815, -5.7919, -4.5255,  ..., -5.6007, -4.3429,  0.5594],
         [-1.7105, -5.5267, -4.1060,  ..., -5.2842, -3.9688,  0.8511]]],
       device='cuda:0')
tensor([[[-1.3190, -4.7028, -4.6737,  ..., -4.4276, -3.2673,  0.8959],
         [-1.4960, -6.0904, -5.2953,  ..., -6.2132, -4.9467, -0.6735],
         [-1.3476, -5.4673, -4.7119,  ..., -5.6292, -4.3038, -0.1609],
         ...,
         [-1.9537, -5.9584, -4.6147,  ..., -5.7566, -4.3980,  0.4841],
         [-1.9181, -6.0593, -4.4301,  ..., -5.7057, -4.2932,  0.7506],
         [-1.7415, -6.0424, -4.2135,  ..., -5.6767, -4.1508,  0.7040]]],
       device='cuda:0')
tensor([[[-1.2785, -4.7869, -4.7180,  ..., -4.5069, -3.3222,  0.8331],
         [-1.4869, -6.1483, -5.3346,  ..., -6.2648, -4.9997, -0.6952],
         [-1.3571, -5.5229, -4.7419,  ..., -5.6652, -4.3400, -0.1600],
         ...,
         [-2.0037, -6.3492, -4.7574,  ..., -6.0167, -4.5560,  0.6581],
         [-1.7304, -6.3016, -4.5625,  ..., -5.9703, -4.4665,  0.6171],
         [-1.2304, -6.6617, -4.7761,  ..., -6.2027, -4.7381, -0.1648]]],
       device='cuda:0')
tensor([[[-1.2508, -4.8762, -4.7772,  ..., -4.5595, -3.3943,  0.7304],
         [-1.4947, -6.2253, -5.3984,  ..., -6.3155, -5.0788, -0.7393],
         [-1.3751, -5.5945, -4.7913,  ..., -5.7027, -4.4070, -0.1891],
         ...,
         [-1.8107, -6.4600, -4.8101,  ..., -6.0924, -4.5973,  0.4065],
         [-1.1215, -6.6797, -5.0058,  ..., -6.2933, -4.8824, -0.3160],
         [-1.3307, -6.8455, -5.1982,  ..., -6.3458, -5.0853, -0.3202]]],
       device='cuda:0')
tensor([[[-1.2566, -4.9475, -4.8304,  ..., -4.5807, -3.4547,  0.7005],
         [-1.5028, -6.2856, -5.4539,  ..., -6.3569, -5.1413, -0.7710],
         [-1.3938, -5.6438, -4.8279,  ..., -5.7303, -4.4587, -0.1904],
         ...,
         [-1.1786, -6.6804, -5.0335,  ..., -6.2856, -4.9451, -0.4563],
         [-1.4163, -6.5692, -5.3727,  ..., -6.1607, -5.0306, -0.5737],
         [-1.6116, -6.2994, -4.9304,  ..., -6.0960, -4.7221,  0.2952]]],
       device='cuda:0')
tensor([[[-1.2670, -4.9851, -4.8695,  ..., -4.5871, -3.4897,  0.6636],
         [-1.4925, -6.3165, -5.4931,  ..., -6.3765, -5.1859, -0.8299],
         [-1.3894, -5.6625, -4.8470,  ..., -5.7433, -4.4976, -0.2079],
         ...,
         [-1.5078, -6.4321, -5.4578,  ..., -6.0325, -5.0998, -0.9508],
         [-1.6102, -6.3502, -5.1640,  ..., -6.0162, -4.9423, -0.3960],
         [-1.8254, -6.3337, -5.0412,  ..., -6.3369, -4.7459,  1.1680]]],
       device='cuda:0')
tensor([[[-1.2952, -5.0185, -4.9102,  ..., -4.6101, -3.4931,  0.6628],
         [-1.4873, -6.3301, -5.5313,  ..., -6.3954, -5.2106, -0.8899],
         [-1.3746, -5.6653, -4.8627,  ..., -5.7470, -4.5195, -0.2593],
         ...,
         [-1.8296, -6.2280, -5.0890,  ..., -5.8776, -4.7890, -0.5234],
         [-2.0176, -6.5305, -5.3411,  ..., -6.3266, -5.0835,  0.2707],
         [-2.1781, -6.4089, -5.2525,  ..., -6.4150, -4.9195,  1.4102]]],
       device='cuda:0')
tensor([[[-1.3297, -5.0364, -4.9382,  ..., -4.6391, -3.4556,  0.7020],
         [-1.4971, -6.3452, -5.5624,  ..., -6.4306, -5.2351, -0.8936],
         [-1.3772, -5.6689, -4.8827,  ..., -5.7662, -4.5358, -0.2787],
         ...,
         [-2.4433, -6.5498, -5.3424,  ..., -6.3092, -5.0058,  0.2000],
         [-2.4390, -6.7608, -5.6029,  ..., -6.5673, -5.3840,  0.4162],
         [-2.2541, -6.5523, -5.4904,  ..., -6.4891, -5.2871,  0.9730]]],
       device='cuda:0')
tensor([[[-1.3753, -5.0360, -4.9500,  ..., -4.6588, -3.4116,  0.7403],
         [-1.5166, -6.3706, -5.5988,  ..., -6.4733, -5.2648, -0.8878],
         [-1.3932, -5.6851, -4.9105,  ..., -5.7947, -4.5545, -0.2888],
         ...,
         [-2.8691, -6.9794, -5.7580,  ..., -6.7448, -5.5236,  0.4832],
         [-2.6478, -7.0934, -5.9462,  ..., -6.8816, -5.9056,  0.3584],
         [-2.4498, -7.0143, -5.9332,  ..., -6.8807, -6.0346,  0.2672]]],
       device='cuda:0')
tensor([[[-1.4128, -5.0408, -4.9580,  ..., -4.6697, -3.3970,  0.7623],
         [-1.5282, -6.4042, -5.6425,  ..., -6.5180, -5.3041, -0.8885],
         [-1.4008, -5.7160, -4.9485,  ..., -5.8313, -4.5877, -0.2895],
         ...,
         [-3.0089, -7.3490, -6.1407,  ..., -7.1179, -6.1357,  0.5662],
         [-2.7911, -7.3779, -6.2275,  ..., -7.1994, -6.4220,  0.4237],
         [-2.6733, -7.5453, -6.3928,  ..., -7.4831, -6.7754,  0.1729]]],
       device='cuda:0')
tensor([[[-1.4447, -5.0443, -4.9593,  ..., -4.6716, -3.3989,  0.7656],
         [-1.5374, -6.4321, -5.6794,  ..., -6.5502, -5.3422, -0.9022],
         [-1.4088, -5.7457, -4.9826,  ..., -5.8624, -4.6243, -0.2968],
         ...,
         [-2.9956, -7.5288, -6.3767,  ..., -7.3429, -6.6063,  0.5828],
         [-2.9087, -7.5770, -6.4610,  ..., -7.5301, -6.8402,  0.4479],
         [-2.7756, -7.7622, -6.6094,  ..., -7.8820, -7.1339,  0.2932]]],
       device='cuda:0')
tensor([[[-1.4732, -5.0468, -4.9626,  ..., -4.6747, -3.4107,  0.7615],
         [-1.5525, -6.4522, -5.7144,  ..., -6.5760, -5.3741, -0.9210],
         [-1.4237, -5.7676, -5.0121,  ..., -5.8871, -4.6552, -0.3072],
         ...,
         [-3.0126, -7.7450, -6.6800,  ..., -7.7067, -7.0583,  0.5098],
         [-2.8995, -7.6281, -6.5610,  ..., -7.8423, -6.9737,  0.4017],
         [-2.5691, -7.5545, -6.3432,  ..., -7.8907, -6.6248,  0.7449]]],
       device='cuda:0')
tensor([[[-1.4943, -5.0440, -4.9614,  ..., -4.6692, -3.4183,  0.7569],
         [-1.5855, -6.4791, -5.7487,  ..., -6.6030, -5.4012, -0.9319],
         [-1.4662, -5.8037, -5.0463,  ..., -5.9156, -4.6855, -0.3103],
         ...,
         [-2.9275, -7.8146, -6.7875,  ..., -8.0189, -7.1610,  0.3578],
         [-2.3969, -7.4819, -6.3233,  ..., -7.7536, -6.4536,  0.7617],
         [-2.5784, -7.4978, -6.3229,  ..., -8.0174, -6.7207,  1.0166]]],
       device='cuda:0')
tensor([[[-1.4453, -4.9887, -4.9223,  ..., -4.6178, -3.3684,  0.6036],
         [-1.5155, -6.2901, -5.5972,  ..., -6.4156, -5.2279, -1.0927],
         [-1.3809, -5.6739, -4.9571,  ..., -5.7715, -4.5574, -0.6115],
         ...,
         [-0.7044, -8.0470, -7.1596,  ..., -8.9067, -6.9381, -0.9078],
         [-0.9157, -7.6453, -6.8009,  ..., -8.5998, -7.1213, -0.9237],
         [-3.0715, -5.8969, -5.4724,  ..., -6.3232, -4.3381, 16.7977]]],
       device='cuda:0')
预测结果: <start>  les les les les les les les les les les les les les les les les les  <end>
